<?xml version="1.0" encoding="UTF-8"?>
<testsuite name="SearchBook" tests="1" skipped="0" failures="0" errors="0" timestamp="2021-07-14T06:13:53" hostname="PSOFKA0313" time="20.435">
  <properties/>
  <testcase name="usuario realiza compra de un producto" classname="SearchBook" time="20.435"/>
  <system-out><![CDATA[]]></system-out>
  <system-err><![CDATA[[Test worker] INFO net.thucydides.core.steps.ConsoleLoggingListener - STARTING STEP Given que el usuario ingresa a la pagina de YourLogo
[Test worker] INFO net.thucydides.core.steps.ConsoleLoggingListener - STARTING STEP user opens the http://automationpractice.com/index.php
jul. 14, 2021 1:13:54 A. M. org.openqa.selenium.remote.DesiredCapabilities chrome
INFORMACIÓN: Using `new ChromeOptions()` is preferred to `DesiredCapabilities.chrome()`
[Test worker] INFO net.serenitybdd.core.webdriver.driverproviders.ProvideNewDriver - Instantiating driver
[Test worker] INFO net.serenitybdd.core.webdriver.driverproviders.ProvideNewDriver - Driver capabilities: Capabilities {acceptInsecureCerts: false, browserName: chrome, chrome.switches: --incognito,--start-maximized, goog:chromeOptions: {args: [--incognito, --start-maximized, --enable-automation, --test-type], extensions: []}, platform: ANY, version: }
Starting ChromeDriver 91.0.4472.101 (af52a90bf87030dd1523486a1cd3ae25c5d76c9b-refs/branch-heads/4472@{#1462}) on port 34313
Only local connections are allowed.
Please see https://chromedriver.chromium.org/security-considerations for suggestions on keeping ChromeDriver safe.
ChromeDriver was started successfully.
jul. 14, 2021 1:13:56 A. M. org.openqa.selenium.remote.ProtocolHandshake createSession
INFORMACIÓN: Detected dialect: W3C
[Test worker] INFO net.thucydides.core.steps.ConsoleLoggingListener - FINISHING STEP
[Test worker] INFO net.thucydides.core.steps.ConsoleLoggingListener - FINISHING STEP
[Test worker] INFO net.thucydides.core.steps.ConsoleLoggingListener - STARTING STEP When ingresa sus credenciales vaneatehortu@gmail.com y 300490
[Test worker] INFO net.thucydides.core.steps.ConsoleLoggingListener - STARTING STEP User login task
[Test worker] INFO net.thucydides.core.steps.ConsoleLoggingListener - STARTING STEP user clicks on Sing in
[Test worker] INFO net.thucydides.core.steps.ConsoleLoggingListener - FINISHING STEP
[Test worker] INFO net.thucydides.core.steps.ConsoleLoggingListener - STARTING STEP user enters 'vaneatehortu@gmail.com' into Enter email
[Test worker] INFO net.thucydides.core.steps.ConsoleLoggingListener - FINISHING STEP
[Test worker] INFO net.thucydides.core.steps.ConsoleLoggingListener - STARTING STEP user enters '300490' into Enter password
[Test worker] INFO net.thucydides.core.steps.ConsoleLoggingListener - FINISHING STEP
[Test worker] INFO net.thucydides.core.steps.ConsoleLoggingListener - STARTING STEP user clicks on SubmitLogin
[Test worker] INFO net.thucydides.core.steps.ConsoleLoggingListener - FINISHING STEP
[Test worker] INFO net.thucydides.core.steps.ConsoleLoggingListener - FINISHING STEP
[Test worker] INFO net.thucydides.core.steps.ConsoleLoggingListener - FINISHING STEP
[Test worker] INFO net.thucydides.core.steps.ConsoleLoggingListener - STARTING STEP And busca un producto con descuento del veinte porciento
[Test worker] INFO net.thucydides.core.steps.ConsoleLoggingListener - STARTING STEP User search product task
[Test worker] INFO net.thucydides.core.steps.ConsoleLoggingListener - STARTING STEP user clicks on return to home
[Test worker] INFO net.thucydides.core.steps.ConsoleLoggingListener - FINISHING STEP
[Test worker] INFO net.thucydides.core.steps.ConsoleLoggingListener - STARTING STEP user clicks on product -20%
[Test worker] INFO net.thucydides.core.steps.ConsoleLoggingListener - FINISHING STEP
[Test worker] INFO net.thucydides.core.steps.ConsoleLoggingListener - FINISHING STEP
[Test worker] INFO net.thucydides.core.steps.ConsoleLoggingListener - FINISHING STEP
[Test worker] INFO net.thucydides.core.steps.ConsoleLoggingListener - STARTING STEP And anade un producto con las caracteristicas de talla y color
[Test worker] INFO net.thucydides.core.steps.ConsoleLoggingListener - STARTING STEP User product task
[Test worker] INFO net.thucydides.core.steps.ConsoleLoggingListener - STARTING STEP user clicks on Choose size
[Test worker] INFO net.thucydides.core.steps.ConsoleLoggingListener - FINISHING STEP
[Test worker] INFO net.thucydides.core.steps.ConsoleLoggingListener - STARTING STEP user clicks on choose color
[Test worker] INFO net.thucydides.core.steps.ConsoleLoggingListener - FINISHING STEP
[Test worker] INFO net.thucydides.core.steps.ConsoleLoggingListener - STARTING STEP user clicks on add to cart
[Test worker] INFO net.thucydides.core.steps.ConsoleLoggingListener - FINISHING STEP
[Test worker] INFO net.thucydides.core.steps.ConsoleLoggingListener - FINISHING STEP
[Test worker] INFO net.thucydides.core.steps.ConsoleLoggingListener - FINISHING STEP
[Test worker] INFO net.thucydides.core.steps.ConsoleLoggingListener - STARTING STEP Then se muestra el mensaje Product successfully added to your shopping cart
[Test worker] INFO net.thucydides.core.steps.ConsoleLoggingListener - STARTING STEP Then Product successfully added to your shopping cart should be a string containing 'Product successfully added to your shopping cart'
[Test worker] INFO net.thucydides.core.steps.ConsoleLoggingListener - FINISHING STEP
[Test worker] INFO net.thucydides.core.steps.ConsoleLoggingListener - FINISHING STEP
[Test worker] INFO net.thucydides.core.steps.ConsoleLoggingListener - STARTING STEP And se realiza checkout
[Test worker] INFO net.thucydides.core.steps.ConsoleLoggingListener - STARTING STEP User search product task
[Test worker] INFO net.thucydides.core.steps.ConsoleLoggingListener - STARTING STEP user clicks on return to home
[Test worker] INFO net.thucydides.core.steps.ConsoleLoggingListener - FINISHING STEP
[Test worker] INFO net.thucydides.core.steps.ConsoleLoggingListener - STARTING STEP user clicks on product -20%
[Test worker] INFO net.thucydides.core.steps.ConsoleLoggingListener - FINISHING STEP
[Test worker] INFO net.thucydides.core.steps.ConsoleLoggingListener - FINISHING STEP
[Test worker] INFO net.thucydides.core.steps.ConsoleLoggingListener - FINISHING STEP
[Test worker] INFO net.thucydides.core.steps.ConsoleLoggingListener - STARTING STEP And valida la orden de compra
[Test worker] INFO net.thucydides.core.steps.ConsoleLoggingListener - FINISHING STEP
[Test worker] INFO net.thucydides.core.steps.ConsoleLoggingListener - FINISHING STEP
[Test worker] INFO net.thucydides.core.steps.ConsoleLoggingListener - ?[92m
        __    _____ _____ ____ _____   ____   _    ____  ____  _____ ____  
  _     \ \  |_   _| ____/ ___|_   _| |  _ \ / \  / ___|/ ___|| ____|  _ \ 
 (_)_____| |   | | |  _| \___ \ | |   | |_) / _ \ \___ \\___ \|  _| | | | |
  _|_____| |   | | | |___ ___) || |   |  __/ ___ \ ___) |___) | |___| |_| |
 (_)     | |   |_| |_____|____/ |_|   |_| /_/   \_\____/|____/|_____|____/ 
        /_/                                                                

TEST PASSED: usuario realiza compra de un producto
----------------------------------------------------------------------------?[0m
]]></system-err>
</testsuite>
